<?xml version="1.0" encoding="UTF-8"?>
<testsuite xmlns:xsi="http://www.w3.org/2001/XMLSchema-instance" xsi:noNamespaceSchemaLocation="https://maven.apache.org/surefire/maven-surefire-plugin/xsd/surefire-test-report-3.0.xsd" version="3.0" name="br.com.backend.projetoteste.ProjetotesteApplicationTests" time="6.972" tests="1" errors="0" skipped="0" failures="0">
  <properties>
[...]
</properties>
  <testcase name="contextLoads" classname="br.com.backend.projetoteste.ProjetotesteApplicationTests" time="0.738">
    <system-out><![CDATA[20:30:37.639 [main] INFO org.springframework.test.context.support.AnnotationConfigContextLoaderUtils -- Could not detect default configuration classes for test class [br.com.backend.projetoteste.ProjetotesteApplicationTests]: ProjetotesteApplicationTests does not declare any static, non-private, non-final, nested classes annotated with @Configuration.
20:30:37.774 [main] INFO org.springframework.boot.test.context.SpringBootTestContextBootstrapper -- Found @SpringBootConfiguration br.com.backend.projetoteste.ProjetotesteApplication for test class br.com.backend.projetoteste.ProjetotesteApplicationTests
20:30:38.046 [main] INFO org.springframework.boot.devtools.restart.RestartApplicationListener -- Restart disabled due to context in which it is running

  .   ____          _            __ _ _
 /\\ / ___'_ __ _ _(_)_ __  __ _ \ \ \ \
( ( )\___ | '_ | '_| | '_ \/ _` | \ \ \ \
 \\/  ___)| |_)| | | | | || (_| |  ) ) ) )
  '  |____| .__|_| |_|_| |_\__, | / / / /
 =========|_|==============|___/=/_/_/_/
 :: Spring Boot ::                (v3.1.8)

2024-03-01T20:30:38.472-03:00  INFO 18056 --- [           main] b.c.b.p.ProjetotesteApplicationTests     : Starting ProjetotesteApplicationTests using Java 19.0.1 with PID 18056 (started by guede in C:\SistemaDoZeroAoTudo\projetoteste)
2024-03-01T20:30:38.474-03:00  INFO 18056 --- [           main] b.c.b.p.ProjetotesteApplicationTests     : No active profile set, falling back to 1 default profile: "default"
2024-03-01T20:30:39.379-03:00  INFO 18056 --- [           main] .s.d.r.c.RepositoryConfigurationDelegate : Bootstrapping Spring Data JPA repositories in DEFAULT mode.
2024-03-01T20:30:39.438-03:00  INFO 18056 --- [           main] .s.d.r.c.RepositoryConfigurationDelegate : Finished Spring Data repository scanning in 51 ms. Found 1 JPA repository interface.
2024-03-01T20:30:39.968-03:00  INFO 18056 --- [           main] o.hibernate.jpa.internal.util.LogHelper  : HHH000204: Processing PersistenceUnitInfo [name: default]
2024-03-01T20:30:40.079-03:00  INFO 18056 --- [           main] org.hibernate.Version                    : HHH000412: Hibernate ORM core version 6.2.20.Final
2024-03-01T20:30:40.083-03:00  INFO 18056 --- [           main] org.hibernate.cfg.Environment            : HHH000406: Using bytecode reflection optimizer
2024-03-01T20:30:40.564-03:00  INFO 18056 --- [           main] o.s.o.j.p.SpringPersistenceUnitInfo      : No LoadTimeWeaver setup: ignoring JPA class transformer
2024-03-01T20:30:40.604-03:00  INFO 18056 --- [           main] com.zaxxer.hikari.HikariDataSource       : HikariPool-1 - Starting...
2024-03-01T20:30:41.122-03:00  INFO 18056 --- [           main] com.zaxxer.hikari.pool.HikariPool        : HikariPool-1 - Added connection org.postgresql.jdbc.PgConnection@54a056e4
2024-03-01T20:30:41.125-03:00  INFO 18056 --- [           main] com.zaxxer.hikari.HikariDataSource       : HikariPool-1 - Start completed.
2024-03-01T20:30:41.205-03:00  WARN 18056 --- [           main] org.hibernate.orm.deprecation            : HHH90000025: PostgreSQLDialect does not need to be specified explicitly using 'hibernate.dialect' (remove the property setting and it will be selected by default)
2024-03-01T20:30:42.526-03:00  INFO 18056 --- [           main] o.h.e.t.j.p.i.JtaPlatformInitiator       : HHH000489: No JTA platform available (set 'hibernate.transaction.jta.platform' to enable JTA platform integration)
Hibernate: drop table if exists npl_usuario cascade
2024-03-01T20:30:42.560-03:00  WARN 18056 --- [           main] o.h.engine.jdbc.spi.SqlExceptionHelper   : SQL Warning Code: 0, SQLState: 00000
2024-03-01T20:30:42.560-03:00  WARN 18056 --- [           main] o.h.engine.jdbc.spi.SqlExceptionHelper   : table "npl_usuario" does not exist, skipping
Hibernate: create table npl_usuario (id bigserial not null, email varchar(255) not null, login varchar(255) not null unique, nome varchar(255) not null, senha varchar(255) not null, primary key (id))
2024-03-01T20:30:42.611-03:00  INFO 18056 --- [           main] j.LocalContainerEntityManagerFactoryBean : Initialized JPA EntityManagerFactory for persistence unit 'default'
2024-03-01T20:30:43.187-03:00  WARN 18056 --- [           main] JpaBaseConfiguration$JpaWebConfiguration : spring.jpa.open-in-view is enabled by default. Therefore, database queries may be performed during view rendering. Explicitly configure spring.jpa.open-in-view to disable this warning
2024-03-01T20:30:43.632-03:00  INFO 18056 --- [           main] b.c.b.p.ProjetotesteApplicationTests     : Started ProjetotesteApplicationTests in 5.613 seconds (process running for 6.946)
]]></system-out>
  </testcase>
</testsuite>